[    0.000000] Linux version 4.15.0-70-generic (buildd@lgw01-amd64-055) (gcc version 7.4.0 (Ubuntu 7.4.0-1ubuntu1~18.04.1)) #79-Ubuntu SMP Tue Nov 12 10:36:11 UTC 2019 (Ubuntu 4.15.0-70.79-generic 4.15.18)
[    0.000000] Command line: BOOT_IMAGE=/boot/vmlinuz-4.15.0-70-generic root=LABEL=cloudimg-rootfs ro console=tty1 console=ttyS0
[    0.000000] KERNEL supported cpus:
[    0.000000]   Intel GenuineIntel
[    0.000000]   AMD AuthenticAMD
[    0.000000]   Centaur CentaurHauls
[    0.000000] x86/fpu: Supporting XSAVE feature 0x001: 'x87 floating point registers'
[    0.000000] x86/fpu: Supporting XSAVE feature 0x002: 'SSE registers'
[    0.000000] x86/fpu: Supporting XSAVE feature 0x004: 'AVX registers'
[    0.000000] x86/fpu: xstate_offset[2]:  576, xstate_sizes[2]:  256
[    0.000000] x86/fpu: Enabled xstate features 0x7, context size is 832 bytes, using 'standard' format.
[    0.000000] e820: BIOS-provided physical RAM map:
[    0.000000] BIOS-e820: [mem 0x0000000000000000-0x000000000009fbff] usable
[    0.000000] BIOS-e820: [mem 0x000000000009fc00-0x000000000009ffff] reserved
[    0.000000] BIOS-e820: [mem 0x00000000000f0000-0x00000000000fffff] reserved
[    0.000000] BIOS-e820: [mem 0x0000000000100000-0x000000003ffeffff] usable
[    0.000000] BIOS-e820: [mem 0x000000003fff0000-0x000000003fffffff] ACPI data
[    0.000000] BIOS-e820: [mem 0x00000000fec00000-0x00000000fec00fff] reserved
[    0.000000] BIOS-e820: [mem 0x00000000fee00000-0x00000000fee00fff] reserved
[    0.000000] BIOS-e820: [mem 0x00000000fffc0000-0x00000000ffffffff] reserved
[    0.000000] NX (Execute Disable) protection: active
[    0.000000] SMBIOS 2.5 present.
[    0.000000] DMI: innotek GmbH VirtualBox/VirtualBox, BIOS VirtualBox 12/01/2006
[    0.000000] Hypervisor detected: KVM
[    0.000000] e820: last_pfn = 0x3fff0 max_arch_pfn = 0x400000000
[    0.000000] MTRR: Disabled
[    0.000000] x86/PAT: MTRRs disabled, skipping PAT initialization too.
[    0.000000] CPU MTRRs all blank - virtualized system.
[    0.000000] x86/PAT: Configuration [0-7]: WB  WT  UC- UC  WB  WT  UC- UC  
[    0.000000] found SMP MP-table at [mem 0x0009fff0-0x0009ffff]
[    0.000000] Scanning 1 areas for low memory corruption
[    0.000000] RAMDISK: [mem 0x35977000-0x36cb2fff]
[    0.000000] ACPI: Early table checksum verification disabled
[    0.000000] ACPI: RSDP 0x00000000000E0000 000024 (v02 VBOX  )
[    0.000000] ACPI: XSDT 0x000000003FFF0030 00003C (v01 VBOX   VBOXXSDT 00000001 ASL  00000061)
[    0.000000] ACPI: FACP 0x000000003FFF00F0 0000F4 (v04 VBOX   VBOXFACP 00000001 ASL  00000061)
[    0.000000] ACPI: DSDT 0x000000003FFF0470 0022EA (v02 VBOX   VBOXBIOS 00000002 INTL 20100528)
[    0.000000] ACPI: FACS 0x000000003FFF0200 000040
[    0.000000] ACPI: FACS 0x000000003FFF0200 000040
[    0.000000] ACPI: APIC 0x000000003FFF0240 00005C (v02 VBOX   VBOXAPIC 00000001 ASL  00000061)
[    0.000000] ACPI: SSDT 0x000000003FFF02A0 0001CC (v01 VBOX   VBOXCPUT 00000002 INTL 20100528)
[    0.000000] No NUMA configuration found
[    0.000000] Faking a node at [mem 0x0000000000000000-0x000000003ffeffff]
[    0.000000] NODE_DATA(0) allocated [mem 0x3ffc5000-0x3ffeffff]
[    0.000000] kvm-clock: cpu 0, msr 0:3ff44001, primary cpu clock
[    0.000000] kvm-clock: Using msrs 4b564d01 and 4b564d00
[    0.000000] kvm-clock: using sched offset of 3876699026 cycles
[    0.000000] clocksource: kvm-clock: mask: 0xffffffffffffffff max_cycles: 0x1cd42e4dffb, max_idle_ns: 881590591483 ns
[    0.000000] Zone ranges:
[    0.000000]   DMA      [mem 0x0000000000001000-0x0000000000ffffff]
[    0.000000]   DMA32    [mem 0x0000000001000000-0x000000003ffeffff]
[    0.000000]   Normal   empty
[    0.000000]   Device   empty
[    0.000000] Movable zone start for each node
[    0.000000] Early memory node ranges
[    0.000000]   node   0: [mem 0x0000000000001000-0x000000000009efff]
[    0.000000]   node   0: [mem 0x0000000000100000-0x000000003ffeffff]
[    0.000000] Reserved but unavailable: 98 pages
[    0.000000] Initmem setup node 0 [mem 0x0000000000001000-0x000000003ffeffff]
[    0.000000] ACPI: PM-Timer IO Port: 0x4008
[    0.000000] IOAPIC[0]: apic_id 2, version 32, address 0xfec00000, GSI 0-23
[    0.000000] ACPI: INT_SRC_OVR (bus 0 bus_irq 0 global_irq 2 dfl dfl)
[    0.000000] ACPI: INT_SRC_OVR (bus 0 bus_irq 9 global_irq 9 low level)
[    0.000000] Using ACPI (MADT) for SMP configuration information
[    0.000000] smpboot: Allowing 2 CPUs, 0 hotplug CPUs
[    0.000000] PM: Registered nosave memory: [mem 0x00000000-0x00000fff]
[    0.000000] PM: Registered nosave memory: [mem 0x0009f000-0x0009ffff]
[    0.000000] PM: Registered nosave memory: [mem 0x000a0000-0x000effff]
[    0.000000] PM: Registered nosave memory: [mem 0x000f0000-0x000fffff]
[    0.000000] e820: [mem 0x40000000-0xfebfffff] available for PCI devices
[    0.000000] Booting paravirtualized kernel on KVM
[    0.000000] clocksource: refined-jiffies: mask: 0xffffffff max_cycles: 0xffffffff, max_idle_ns: 7645519600211568 ns
[    0.000000] random: get_random_bytes called from start_kernel+0x99/0x4fd with crng_init=0
[    0.000000] setup_percpu: NR_CPUS:8192 nr_cpumask_bits:2 nr_cpu_ids:2 nr_node_ids:1
[    0.000000] percpu: Embedded 45 pages/cpu s147456 r8192 d28672 u1048576
[    0.000000] PV qspinlock hash table entries: 256 (order: 0, 4096 bytes)
[    0.000000] Built 1 zonelists, mobility grouping on.  Total pages: 257913
[    0.000000] Policy zone: DMA32
[    0.000000] Kernel command line: BOOT_IMAGE=/boot/vmlinuz-4.15.0-70-generic root=LABEL=cloudimg-rootfs ro console=tty1 console=ttyS0
[    0.000000] Memory: 982892K/1048120K available (12300K kernel code, 2481K rwdata, 4264K rodata, 2432K init, 2388K bss, 65228K reserved, 0K cma-reserved)
[    0.000000] SLUB: HWalign=64, Order=0-3, MinObjects=0, CPUs=2, Nodes=1
[    0.000000] Kernel/User page tables isolation: enabled
[    0.000000] ftrace: allocating 39315 entries in 154 pages
[    0.004000] Hierarchical RCU implementation.
[    0.004000] 	RCU restricting CPUs from NR_CPUS=8192 to nr_cpu_ids=2.
[    0.004000] 	Tasks RCU enabled.
[    0.004000] RCU: Adjusting geometry for rcu_fanout_leaf=16, nr_cpu_ids=2
[    0.004000] NR_IRQS: 524544, nr_irqs: 440, preallocated irqs: 16
[    0.004000] Console: colour VGA+ 80x25
[    0.004000] console [tty1] enabled
[    0.004000] console [ttyS0] enabled
[    0.004000] ACPI: Core revision 20170831
[    0.004000] ACPI: 2 ACPI AML tables successfully acquired and loaded
[    0.004000] APIC: Switch to symmetric I/O mode setup
[    0.004000] x2apic enabled
[    0.004000] Switched APIC routing to physical x2apic.
[    0.004000] ..TIMER: vector=0x30 apic1=0 pin1=2 apic2=-1 pin2=-1
[    0.004004] tsc: Detected 2303.998 MHz processor
[    0.004927] Calibrating delay loop (skipped) preset value.. 4607.99 BogoMIPS (lpj=9215992)
[    0.005635] pid_max: default: 32768 minimum: 301
[    0.008034] Security Framework initialized
[    0.008993] Yama: becoming mindful.
[    0.009716] AppArmor: AppArmor initialized
[    0.012000] Dentry cache hash table entries: 131072 (order: 8, 1048576 bytes)
[    0.012073] Inode-cache hash table entries: 65536 (order: 7, 524288 bytes)
[    0.016030] Mount-cache hash table entries: 2048 (order: 2, 16384 bytes)
[    0.018323] Mountpoint-cache hash table entries: 2048 (order: 2, 16384 bytes)
[    0.020243] Last level iTLB entries: 4KB 64, 2MB 8, 4MB 8
[    0.021296] Last level dTLB entries: 4KB 64, 2MB 0, 4MB 0, 1GB 4
[    0.022491] Spectre V1 : Mitigation: usercopy/swapgs barriers and __user pointer sanitization
[    0.024003] Spectre V2 : Mitigation: Full generic retpoline
[    0.025419] Spectre V2 : Spectre v2 / SpectreRSB mitigation: Filling RSB on context switch
[    0.027150] Speculative Store Bypass: Vulnerable
[    0.028040] MDS: Mitigation: Clear CPU buffers
[    0.029083] Freeing SMP alternatives memory: 36K
[    0.142330] smpboot: CPU0: Intel(R) Core(TM) i5-8259U CPU @ 2.30GHz (family: 0x6, model: 0x8e, stepping: 0xa)
[    0.144000] Performance Events: unsupported p6 CPU model 142 no PMU driver, software events only.
[    0.144034] Hierarchical SRCU implementation.
[    0.145874] NMI watchdog: Perf event create on CPU 0 failed with -2
[    0.147172] NMI watchdog: Perf NMI watchdog permanently disabled
[    0.148055] smp: Bringing up secondary CPUs ...
[    0.149899] x86: Booting SMP configuration:
[    0.150769] .... node  #0, CPUs:      #1
[    0.004000] kvm-clock: cpu 1, msr 0:3ff44041, secondary cpu clock
[    0.156046] smp: Brought up 1 node, 2 CPUs
[    0.157438] smpboot: Max logical packages: 1
[    0.158783] smpboot: Total of 2 processors activated (9215.99 BogoMIPS)
[    0.160162] devtmpfs: initialized
[    0.160758] x86/mm: Memory block size: 128MB
[    0.161945] evm: security.selinux
[    0.162647] evm: security.SMACK64
[    0.164007] evm: security.SMACK64EXEC
[    0.164773] evm: security.SMACK64TRANSMUTE
[    0.165625] evm: security.SMACK64MMAP
[    0.166403] evm: security.apparmor
[    0.167106] evm: security.ima
[    0.167730] evm: security.capability
[    0.168089] clocksource: jiffies: mask: 0xffffffff max_cycles: 0xffffffff, max_idle_ns: 7645041785100000 ns
[    0.169973] futex hash table entries: 512 (order: 3, 32768 bytes)
[    0.173354] pinctrl core: initialized pinctrl subsystem
[    0.174504] RTC time:  5:33:06, date: 11/27/19
[    0.176054] NET: Registered protocol family 16
[    0.177753] audit: initializing netlink subsys (disabled)
[    0.179311] audit: type=2000 audit(1574832791.077:1): state=initialized audit_enabled=0 res=1
[    0.180010] cpuidle: using governor ladder
[    0.180827] cpuidle: using governor menu
[    0.181617] ACPI: bus type PCI registered
[    0.182394] acpiphp: ACPI Hot Plug PCI Controller Driver version: 0.5
[    0.184098] PCI: Using configuration type 1 for base access
[    0.185164] HugeTLB registered 2.00 MiB page size, pre-allocated 0 pages
[    0.188126] ACPI: Added _OSI(Module Device)
[    0.189558] ACPI: Added _OSI(Processor Device)
[    0.192006] ACPI: Added _OSI(3.0 _SCP Extensions)
[    0.193126] ACPI: Added _OSI(Processor Aggregator Device)
[    0.194338] ACPI: Added _OSI(Linux-Dell-Video)
[    0.195255] ACPI: Added _OSI(Linux-Lenovo-NV-HDMI-Audio)
[    0.196014] ACPI: Added _OSI(Linux-HPI-Hybrid-Graphics)
[    0.197453] ACPI: Executed 1 blocks of module-level executable AML code
[    0.202412] ACPI: Interpreter enabled
[    0.203176] ACPI: (supports S0 S5)
[    0.203873] ACPI: Using IOAPIC for interrupt routing
[    0.204184] PCI: Using host bridge windows from ACPI; if necessary, use "pci=nocrs" and report a bug
[    0.206631] ACPI: Enabled 2 GPEs in block 00 to 07
[    0.214749] ACPI: PCI Root Bridge [PCI0] (domain 0000 [bus 00-ff])
[    0.216009] acpi PNP0A03:00: _OSC: OS supports [ASPM ClockPM Segments MSI]
[    0.217871] acpi PNP0A03:00: _OSC: not requesting OS control; OS requires [ExtendedConfig ASPM ClockPM MSI]
[    0.220010] acpi PNP0A03:00: fail to add MMCONFIG information, can't access extended PCI configuration space under this bridge.
[    0.222578] PCI host bridge to bus 0000:00
[    0.224003] pci_bus 0000:00: root bus resource [io  0x0000-0x0cf7 window]
[    0.226238] pci_bus 0000:00: root bus resource [io  0x0d00-0xffff window]
[    0.227631] pci_bus 0000:00: root bus resource [mem 0x000a0000-0x000bffff window]
[    0.228003] pci_bus 0000:00: root bus resource [mem 0x40000000-0xfdffffff window]
[    0.229459] pci_bus 0000:00: root bus resource [bus 00-ff]
[    0.234716] pci 0000:00:01.1: legacy IDE quirk: reg 0x10: [io  0x01f0-0x01f7]
[    0.236003] pci 0000:00:01.1: legacy IDE quirk: reg 0x14: [io  0x03f6]
[    0.237251] pci 0000:00:01.1: legacy IDE quirk: reg 0x18: [io  0x0170-0x0177]
[    0.238708] pci 0000:00:01.1: legacy IDE quirk: reg 0x1c: [io  0x0376]
[    0.258138] pci 0000:00:07.0: quirk: [io  0x4000-0x403f] claimed by PIIX4 ACPI
[    0.259720] pci 0000:00:07.0: quirk: [io  0x4100-0x410f] claimed by PIIX4 SMB
[    0.270946] ACPI: PCI Interrupt Link [LNKA] (IRQs 5 9 10 *11)
[    0.272286] ACPI: PCI Interrupt Link [LNKB] (IRQs 5 9 *10 11)
[    0.274185] ACPI: PCI Interrupt Link [LNKC] (IRQs 5 *9 10 11)
[    0.275450] ACPI: PCI Interrupt Link [LNKD] (IRQs 5 9 10 *11)
[    0.276347] SCSI subsystem initialized
[    0.277173] pci 0000:00:02.0: vgaarb: setting as boot VGA device
[    0.277219] pci 0000:00:02.0: vgaarb: VGA device added: decodes=io+mem,owns=io+mem,locks=none
[    0.280012] pci 0000:00:02.0: vgaarb: bridge control possible
[    0.281494] vgaarb: loaded
[    0.282114] ACPI: bus type USB registered
[    0.284022] usbcore: registered new interface driver usbfs
[    0.285159] usbcore: registered new interface driver hub
[    0.286248] usbcore: registered new device driver usb
[    0.287319] EDAC MC: Ver: 3.0.0
[    0.288363] PCI: Using ACPI for IRQ routing
[    0.289598] NetLabel: Initializing
[    0.290322] NetLabel:  domain hash size = 128
[    0.291207] NetLabel:  protocols = UNLABELED CIPSOv4 CALIPSO
[    0.292017] NetLabel:  unlabeled traffic allowed by default
[    0.293150] clocksource: Switched to clocksource kvm-clock
[    0.305539] VFS: Disk quotas dquot_6.6.0
[    0.306704] VFS: Dquot-cache hash table entries: 512 (order 0, 4096 bytes)
[    0.308071] AppArmor: AppArmor Filesystem Enabled
[    0.309067] pnp: PnP ACPI init
[    0.310952] pnp: PnP ACPI: found 3 devices
[    0.320850] clocksource: acpi_pm: mask: 0xffffff max_cycles: 0xffffff, max_idle_ns: 2085701024 ns
[    0.323012] NET: Registered protocol family 2
[    0.324111] TCP established hash table entries: 8192 (order: 4, 65536 bytes)
[    0.325904] TCP bind hash table entries: 8192 (order: 5, 131072 bytes)
[    0.328052] TCP: Hash tables configured (established 8192 bind 8192)
[    0.330582] UDP hash table entries: 512 (order: 2, 16384 bytes)
[    0.331884] UDP-Lite hash table entries: 512 (order: 2, 16384 bytes)
[    0.333391] NET: Registered protocol family 1
[    0.334409] pci 0000:00:00.0: Limiting direct PCI/PCI transfers
[    0.335685] pci 0000:00:01.0: Activating ISA DMA hang workarounds
[    0.337105] pci 0000:00:02.0: Video device with shadowed ROM at [mem 0x000c0000-0x000dffff]
[    0.338978] Unpacking initramfs...
[    0.621399] Freeing initrd memory: 19696K
[    0.622664] clocksource: tsc: mask: 0xffffffffffffffff max_cycles: 0x2135f5e6f15, max_idle_ns: 440795231538 ns
[    0.624694] platform rtc_cmos: registered platform RTC device (no PNP device found)
[    0.626710] Scanning for low memory corruption every 60 seconds
[    0.629373] Initialise system trusted keyrings
[    0.630666] Key type blacklist registered
[    0.631683] workingset: timestamp_bits=36 max_order=18 bucket_order=0
[    0.633737] zbud: loaded
[    0.634719] squashfs: version 4.0 (2009/01/31) Phillip Lougher
[    0.636527] fuse init (API version 7.26)
[    0.640162] Key type asymmetric registered
[    0.641357] Asymmetric key parser 'x509' registered
[    0.642668] Block layer SCSI generic (bsg) driver version 0.4 loaded (major 246)
[    0.645257] io scheduler noop registered
[    0.646086] io scheduler deadline registered
[    0.647004] io scheduler cfq registered (default)
[    0.648549] ACPI: AC Adapter [AC] (off-line)
[    0.649474] input: Power Button as /devices/LNXSYSTM:00/LNXPWRBN:00/input/input0
[    0.651003] ACPI: Power Button [PWRF]
[    0.651943] input: Sleep Button as /devices/LNXSYSTM:00/LNXSLPBN:00/input/input1
[    0.653481] ACPI: Sleep Button [SLPF]
[    0.655702] ACPI: Battery Slot [BAT0] (battery present)
[    0.656196] Serial: 8250/16550 driver, 32 ports, IRQ sharing enabled
[    0.678854] 00:02: ttyS0 at I/O 0x3f8 (irq = 4, base_baud = 115200) is a 16550A
[    0.681877] Linux agpgart interface v0.103
[    0.685669] loop: module loaded
[    0.686962] scsi host0: ata_piix
[    0.688396] scsi host1: ata_piix
[    0.689119] ata1: PATA max UDMA/33 cmd 0x1f0 ctl 0x3f6 bmdma 0xd000 irq 14
[    0.690445] ata2: PATA max UDMA/33 cmd 0x170 ctl 0x376 bmdma 0xd008 irq 15
[    0.691989] libphy: Fixed MDIO Bus: probed
[    0.693536] tun: Universal TUN/TAP device driver, 1.6
[    0.694748] PPP generic driver version 2.4.2
[    0.695649] ehci_hcd: USB 2.0 'Enhanced' Host Controller (EHCI) Driver
[    0.696938] ehci-pci: EHCI PCI platform driver
[    0.697834] ehci-platform: EHCI generic platform driver
[    0.698863] ohci_hcd: USB 1.1 'Open' Host Controller (OHCI) Driver
[    0.700771] ohci-pci: OHCI PCI platform driver
[    0.701666] ohci-platform: OHCI generic platform driver
[    0.702719] uhci_hcd: USB Universal Host Controller Interface driver
[    0.704050] i8042: PNP: PS/2 Controller [PNP0303:PS2K,PNP0f03:PS2M] at 0x60,0x64 irq 1,12
[    0.706807] serio: i8042 KBD port at 0x60,0x64 irq 1
[    0.708900] serio: i8042 AUX port at 0x60,0x64 irq 12
[    0.709975] mousedev: PS/2 mouse device common for all mice
[    0.711302] input: AT Translated Set 2 keyboard as /devices/platform/i8042/serio0/input/input2
[    0.714090] rtc_cmos rtc_cmos: rtc core: registered rtc_cmos as rtc0
[    0.715397] rtc_cmos rtc_cmos: alarms up to one day, 114 bytes nvram
[    0.716987] i2c /dev entries driver
[    0.717778] device-mapper: uevent: version 1.0.3
[    0.718841] device-mapper: ioctl: 4.37.0-ioctl (2017-09-20) initialised: dm-devel@redhat.com
[    0.720625] ledtrig-cpu: registered to indicate activity on CPUs
[    0.722196] NET: Registered protocol family 10
[    0.726805] Segment Routing with IPv6
[    0.727598] NET: Registered protocol family 17
[    0.728597] Key type dns_resolver registered
[    0.729651] mce: Using 0 MCE banks
[    0.730581] RAS: Correctable Errors collector initialized.
[    0.731658] sched_clock: Marking stable (729629409, 0)->(898279296, -168649887)
[    0.734653] registered taskstats version 1
[    0.735512] Loading compiled-in X.509 certificates
[    0.738408] Loaded X.509 cert 'Build time autogenerated kernel key: 1859b0531897959199376c446a0bd70df75fd1fc'
[    0.740673] zswap: loaded using pool lzo/zbud
[    0.744488] Key type big_key registered
[    0.745268] Key type trusted registered
[    0.747305] Key type encrypted registered
[    0.748550] AppArmor: AppArmor sha1 policy hashing enabled
[    0.749901] ima: No TPM chip found, activating TPM-bypass! (rc=-19)
[    0.751148] ima: Allocated hash algorithm: sha1
[    0.752083] evm: HMAC attrs: 0x1
[    0.753111]   Magic number: 11:617:568
[    0.754050] rtc_cmos rtc_cmos: setting system clock to 2019-11-27 05:33:06 UTC (1574832786)
[    0.755820] BIOS EDD facility v0.16 2004-Jun-25, 0 devices found
[    0.758123] EDD information not available.
[    0.856198] Freeing unused kernel image memory: 2432K
[    0.874244] Write protecting the kernel read-only data: 20480k
[    0.876962] Freeing unused kernel image memory: 2008K
[    0.879001] Freeing unused kernel image memory: 1880K
[    0.885690] x86/mm: Checked W+X mappings: passed, no W+X pages found.
[    0.887852] x86/mm: Checking user space page tables
[    0.893259] x86/mm: Checked W+X mappings: passed, no W+X pages found.
Loading, please wait...
starting version 237
[    0.951467] e1000: Intel(R) PRO/1000 Network Driver - version 7.3.21-k8-NAPI
[    0.953550] e1000: Copyright (c) 1999-2006 Intel Corporation.
[    0.962300] Fusion MPT base driver 3.04.20
[    0.963761] Copyright (c) 1999-2008 LSI Corporation
[    0.979516] Fusion MPT SPI Host driver 3.04.20
[    0.982877] AVX2 version of gcm_enc/dec engaged.
[    0.984748] AES CTR mode by8 optimization enabled
[    1.013184] vboxvideo: loading out-of-tree module taints kernel.
[    1.015189] vboxvideo: module verification failed: signature and/or required key missing - tainting kernel
[    1.195848] input: ImExPS/2 Generic Explorer Mouse as /devices/platform/i8042/serio1/input/input4
[    1.378737] e1000 0000:00:03.0 eth0: (PCI:33MHz:32-bit) 02:12:8f:b5:56:32
[    1.380820] e1000 0000:00:03.0 eth0: Intel(R) PRO/1000 Network Connection
[    1.383779] mptbase: ioc0: Initiating bringup
[    1.961845] ioc0: LSI53C1030 A0: Capabilities={Initiator}
[    2.660042] scsi host2: ioc0: LSI53C1030 A0, FwRev=00000000h, Ports=1, MaxQ=256, IRQ=20
[    2.924987] scsi 2:0:0:0: Direct-Access     VBOX     HARDDISK         1.0  PQ: 0 ANSI: 5
[    2.928301] [drm] VRAM 01000000
[    2.929752] [TTM] Zone  kernel: Available graphics memory: 504472 kiB
[    2.931227] [TTM] Initializing pool allocator
[    2.932314] [TTM] Initializing DMA pool allocator
[    2.935015] fbcon: vboxdrmfb (fb0) is primary device
[    2.936420] Console: switching to colour frame buffer device 100x37
[    2.939347] vboxvideo 0000:00:02.0: fb0: vboxdrmfb frame buffer device
[    2.964219] scsi target2:0:0: Beginning Domain Validation
[    2.965628] [drm] Initialized vboxvideo 1.0.0 20130823 for 0000:00:02.0 on minor 0
[    2.968434] scsi target2:0:0: Domain Validation skipping write tests
[    2.969838] scsi target2:0:0: Ending Domain Validation
[    2.970723] scsi target2:0:0: asynchronous
[    2.971837] scsi 2:0:1:0: Direct-Access     VBOX     HARDDISK         1.0  PQ: 0 ANSI: 5
[    3.014595] scsi target2:0:1: Beginning Domain Validation
[    3.057834] random: fast init done
[    3.070305] scsi target2:0:1: Domain Validation skipping write tests
[    3.071514] scsi target2:0:1: Ending Domain Validation
[    3.077129] scsi target2:0:1: asynchronous
[    3.092344] sd 2:0:0:0: Attached scsi generic sg0 type 0
[    3.093765] sd 2:0:1:0: Attached scsi generic sg1 type 0
[    3.094199] sd 2:0:0:0: [sda] 20971520 512-byte logical blocks: (10.7 GB/10.0 GiB)
[    3.097417] sd 2:0:1:0: [sdb] 20480 512-byte logical blocks: (10.5 MB/10.0 MiB)
[    3.100477] sd 2:0:1:0: [sdb] Write Protect is off
[    3.101860] sd 2:0:0:0: [sda] Write Protect is off
[    3.102932] sd 2:0:1:0: [sdb] Incomplete mode parameter data
[    3.104124] sd 2:0:1:0: [sdb] Assuming drive cache: write through
[    3.105459] sd 2:0:0:0: [sda] Incomplete mode parameter data
[    3.106662] sd 2:0:0:0: [sda] Assuming drive cache: write through
[    3.108322] random: systemd-udevd: uninitialized urandom read (16 bytes read)
[    3.110041] random: systemd-udevd: uninitialized urandom read (16 bytes read)
[    3.111742] random: systemd-udevd: uninitialized urandom read (16 bytes read)
[    3.118002]  sda: sda1
[    3.119343] sd 2:0:1:0: [sdb] Attached SCSI disk
[    3.120780] sd 2:0:0:0: [sda] Attached SCSI disk
[    3.443132] e1000 0000:00:08.0 eth1: (PCI:33MHz:32-bit) 08:00:27:79:e3:03
[    3.445064] e1000 0000:00:08.0 eth1: Intel(R) PRO/1000 Network Connection
[    3.448249] e1000 0000:00:03.0 enp0s3: renamed from eth0
[    3.465112] e1000 0000:00:08.0 enp0s8: renamed from eth1
Begin: Loading essential drivers ... [    3.608152] raid6: sse2x1   gen() 12703 MB/s
[    3.656200] raid6: sse2x1   xor()  9119 MB/s
[    3.704095] raid6: sse2x2   gen() 12702 MB/s
[    3.752209] raid6: sse2x2   xor()  9085 MB/s
[    3.800265] raid6: sse2x4   gen() 17443 MB/s
[    3.848301] raid6: sse2x4   xor() 10895 MB/s
[    3.896201] raid6: avx2x1   gen() 25629 MB/s
[    3.944313] raid6: avx2x1   xor() 16862 MB/s
[    3.992261] raid6: avx2x2   gen() 29279 MB/s
[    4.040512] raid6: avx2x2   xor() 18259 MB/s
[    4.088228] raid6: avx2x4   gen() 32616 MB/s
[    4.136103] raid6: avx2x4   xor() 19959 MB/s
[    4.137400] raid6: using algorithm avx2x4 gen() 32616 MB/s
[    4.138470] raid6: .... xor() 19959 MB/s, rmw enabled
[    4.139462] raid6: using avx2x2 recovery algorithm
[    4.141989] xor: automatically using best checksumming function   avx       
[    4.144801] async_tx: api initialized (async)
done.
Begin: Running /scripts/init-premount ... done.
Begin: Mounting root file system ... Begin: Running /scripts/local-top ... done.
Begin: Running /scripts/local-premount ... [    4.184963] Btrfs loaded, crc32c=crc32c-intel
Scanning for Btrfs filesystems
done.
Warning: fsck not present, so skipping root file system
[    4.211940] EXT4-fs (sda1): mounted filesystem with ordered data mode. Opts: (null)
done.
Begin: Running /scripts/local-bottom ... done.
Begin: Running /scripts/init-bottom ... done.
[    4.387767] ip_tables: (C) 2000-2006 Netfilter Core Team
[    4.396353] systemd[1]: systemd 237 running in system mode. (+PAM +AUDIT +SELINUX +IMA +APPARMOR +SMACK +SYSVINIT +UTMP +LIBCRYPTSETUP +GCRYPT +GNUTLS +ACL +XZ +LZ4 +SECCOMP +BLKID +ELFUTILS +KMOD -IDN2 +IDN -PCRE2 default-hierarchy=hybrid)
[    4.400562] systemd[1]: Detected virtualization oracle.
[    4.401713] systemd[1]: Detected architecture x86-64.

Welcome to [1mUbuntu 18.04.3 LTS[0m!

[    4.407633] systemd[1]: Set hostname to <ubuntu-bionic>.
[    4.640864] systemd[1]: Reached target User and Group Name Lookups.
[[0;32m  OK  [0m] Reached target User and Group Name Lookups.
[    4.643257] systemd[1]: Reached target System Time Synchronized.
[[0;32m  OK  [0m] Reached target System Time Synchronized.
[    4.645587] systemd[1]: Reached target Swap.
[[0;32m  OK  [0m] Reached target Swap.
[    4.647341] systemd[1]: Set up automount Arbitrary Executable File Formats File System Automount Point.
[[0;32m  OK  [0m] Set up automount Arbitrary Executab…rmats File System Automount Point.
[    4.650424] systemd[1]: Started Forward Password Requests to Wall Directory Watch.
[[0;32m  OK  [0m] Started Forward Password Requests to Wall Directory Watch.
[    4.654523] systemd[1]: Created slice System Slice.
[[0;32m  OK  [0m] Created slice System Slice.
[[0;32m  OK  [0m] Listening on Network Service Netlink Socket.
[[0;32m  OK  [0m] Listening on Journal Socket.
         Starting Create list of required st…ce nodes for the current kernel...
[[0;32m  OK  [0m] Listening on LVM2 metadata daemon socket.
         Starting Remount Root and Kernel File Systems...
[[0;32m  OK  [0m] Listening on udev Kernel Socket.
[[0;32m  OK  [0m] Listening on Syslog Socket.
[    4.719565] EXT4-fs (sda1): re-mounted. Opts: (null)
         Starting Uncomplicated firewall...
[[0;32m  OK  [0m] Listening on /dev/initctl Compatibility Named Pipe.
[[0;32m  OK  [0m] Listening on udev Control Socket.
         Starting udev Coldplug all Devices...
         Starting Load Kernel Modules...
[[0;32m  OK  [0m] Listening on Device-mapper event daemon FIFOs.
         Mounting POSIX Message Queue File System...
         Starting Monitoring of LVM2 mirrors…ng dmeventd or progress polling...
[[0;32m  OK  [0m] Created slice system-serial\x2dgetty.slice.
         Mounting Kernel Debug File System...
         Starting Set the console keyboard layout...
[[0;32m  OK  [0m] Listening on Journal Socket (/dev/log).
         Mounting Huge Pages File System...
[[0;32m  OK  [0m] Created slice User and Session Slice.
[[0;32m  OK  [0m] Reached target Slices.
[[0;32m  OK  [0m] Listening on LVM2 poll daemon socket.
[[0;32m  OK  [0m] Listening on Journal Audit Socket.
         Starting Journal Service...
[[0;32m  OK  [0m] Started Create list of required sta…vice nodes for the current kernel.
[[0;32m  OK  [0m] Started Remount Root and Kernel File Systems.
[[0;32m  OK  [0m] Started Uncomplicated firewall.
[[0;32m  OK  [0m] Mounted POSIX Message Queue File System.
[[0;32m  OK  [0m] Mounted Kernel Debug File System.
[[0;32m  OK  [0m] Mounted Huge Pages File System.
[[0;32m  OK  [0m] Started LVM2 metadata daemon.
         Starting Load/Save Random Seed...
[    4.803264] Loading iSCSI transport class v2.0-870.
[    4.810942] iscsi: registered transport (tcp)
[    4.829214] iscsi: registered transport (iser)
         Starting Create Static Device Nodes in /dev...
[[0;32m  OK  [0m] Started Journal Service.
[[0;32m  OK  [0m] Started Load Kernel Modules.
[[0;32m  OK  [0m] Started Monitoring of LVM2 mirrors,…sing dmeventd or progress polling.
[[0;32m  OK  [0m] Started udev Coldplug all Devices.
[[0;32m  OK  [0m] Started Load/Save Random Seed.
         Starting Apply Kernel Variables...
         Mounting Kernel Configuration File System...
         Mounting FUSE Control File System...
         Starting Flush Journal to Persistent Storage...
[[0;32m  OK  [0m] Started Create Static Device Nodes in /dev.
[[0;32m  OK  [0m] Mounted Kernel Configuration File System.
[[0;32m  OK  [0m] Mounted FUSE Control File System.
         Starting udev Kernel Device Manager...
[[0;32m  OK  [0m] Started Apply Kernel Variables.
[[0;32m  OK  [0m] Started Set the console keyboard layout.
[[0;32m  OK  [0m] Reached target Local File Systems (Pre).
[[0;32m  OK  [0m] Reached target Local File Systems.
         Starting Set console font and keymap...
         Starting Tell Plymouth To Write Out Runtime Data...
         Starting AppArmor initialization...
         Starting ebtables ruleset management...
[[0;32m  OK  [0m] Started udev Kernel Device Manager.
[[0;32m  OK  [0m] Started Dispatch Password Requests to Console Directory Watch.
[[0;32m  OK  [0m] Reached target Local Encrypted Volumes.
[[0;32m  OK  [0m] Started Set console font and keymap.
[[0;32m  OK  [0m] Started Flush Journal to Persistent Storage.
         Starting Create Volatile Files and Directories...
[[0;32m  OK  [0m] Started Tell Plymouth To Write Out Runtime Data.
[[0;32m  OK  [0m] Started Create Volatile Files and Directories.
         Starting Update UTMP about System Boot/Shutdown...
[[0;32m  OK  [0m] Started Update UTMP about System Boot/Shutdown.
[[0;32m  OK  [0m] Started ebtables ruleset management.
[[0;32m  OK  [0m] Found device /dev/ttyS0.
[[0;32m  OK  [0m] Listening on Load/Save RF Kill Switch Status /dev/rfkill Watch.
[[0;32m  OK  [0m] Started AppArmor initialization.
         Starting Initial cloud-init job (pre-networking)...
[    6.356477] cloud-init[535]: Cloud-init v. 19.2-36-g059d049c-0ubuntu2~18.04.1 running 'init-local' at Wed, 27 Nov 2019 05:33:11 +0000. Up 6.16 seconds.
[[0;32m  OK  [0m] Started Initial cloud-init job (pre-networking).
[[0;32m  OK  [0m] Reached target Network (Pre).
         Starting Network Service...
[[0;32m  OK  [0m] Started Network Service.
         Starting Wait for Network to be Configured...
         Starting Network Name Resolution...
[[0;32m  OK  [0m] Started Network Name Resolution.
[[0;32m  OK  [0m] Reached target Host and Network Name Lookups.
[[0;32m  OK  [0m] Reached target Network.
[[0;32m  OK  [0m] Started Wait for Network to be Configured.
         Starting Initial cloud-init job (metadata service crawler)...
[    8.922176] cloud-init[711]: Cloud-init v. 19.2-36-g059d049c-0ubuntu2~18.04.1 running 'init' at Wed, 27 Nov 2019 05:33:14 +0000. Up 8.80 seconds.
[    8.932393] cloud-init[711]: ci-info: ++++++++++++++++++++++++++++++++++++++Net device info+++++++++++++++++++++++++++++++++++++++
[    8.948586] cloud-init[711]: ci-info: +--------+------+-----------------------------+---------------+--------+-------------------+
[    8.950370] cloud-init[711]: ci-info: | Device |  Up  |           Address           |      Mask     | Scope  |     Hw-Address    |
[    8.952560] cloud-init[711]: ci-info: +--------+------+-----------------------------+---------------+--------+-------------------+
[    8.954222] cloud-init[711]: ci-info: | enp0s3 | True |          10.0.2.15          | 255.255.255.0 | global | 02:12:8f:b5:56:32 |
[    8.956495] cloud-init[711]: ci-info: | enp0s3 | True |  fe80::12:8fff:feb5:5632/64 |       .       |  link  | 02:12:8f:b5:56:32 |
[    8.958224] cloud-init[711]: ci-info: | enp0s8 | True |        192.168.33.10        | 255.255.255.0 | global | 08:00:27:79:e3:03 |
[    8.960113] cloud-init[711]: ci-info: | enp0s8 | True | fe80::a00:27ff:fe79:e303/64 |       .       |  link  | 08:00:27:79:e3:03 |
[    8.961990] cloud-init[711]: ci-info: |   lo   | True |          127.0.0.1          |   255.0.0.0   |  host  |         .         |
[    8.963852] cloud-init[711]: ci-info: |   lo   | True |           ::1/128           |       .       |  host  |         .         |
[    8.965622] cloud-init[711]: ci-info: +--------+------+-----------------------------+---------------+--------+-------------------+
[    8.967567] cloud-init[711]: ci-info: +++++++++++++++++++++++++++++Route IPv4 info+++++++++++++++++++++++++++++
[    8.969246] cloud-init[711]: ci-info: +-------+--------------+----------+-----------------+-----------+-------+
[    8.970931] cloud-init[711]: ci-info: | Route | Destination  | Gateway  |     Genmask     | Interface | Flags |
[    8.972769] cloud-init[711]: ci-info: +-------+--------------+----------+-----------------+-----------+-------+
[    8.974414] cloud-init[711]: ci-info: |   0   |   0.0.0.0    | 10.0.2.2 |     0.0.0.0     |   enp0s3  |   UG  |
[    8.976108] cloud-init[711]: ci-info: |   1   |   10.0.2.0   | 0.0.0.0  |  255.255.255.0  |   enp0s3  |   U   |
[    8.977808] cloud-init[711]: ci-info: |   2   |   10.0.2.2   | 0.0.0.0  | 255.255.255.255 |   enp0s3  |   UH  |
[    8.979203] cloud-init[711]: ci-info: |   3   | 192.168.33.0 | 0.0.0.0  |  255.255.255.0  |   enp0s8  |   U   |
[    8.980950] cloud-init[711]: ci-info: +-------+--------------+----------+-----------------+-----------+-------+
[    8.982622] cloud-init[711]: ci-info: +++++++++++++++++++Route IPv6 info+++++++++++++++++++
[    8.984137] cloud-init[711]: ci-info: +-------+-------------+---------+-----------+-------+
[    8.985541] cloud-init[711]: ci-info: | Route | Destination | Gateway | Interface | Flags |
[    8.986947] cloud-init[711]: ci-info: +-------+-------------+---------+-----------+-------+
[    8.988400] cloud-init[711]: ci-info: |   1   |  fe80::/64  |    ::   |   enp0s8  |   U   |
[    8.989786] cloud-init[711]: ci-info: |   2   |  fe80::/64  |    ::   |   enp0s3  |   U   |
[    8.991165] cloud-init[711]: ci-info: |   4   |    local    |    ::   |   enp0s3  |   U   |
[    8.992569] cloud-init[711]: ci-info: |   5   |    local    |    ::   |   enp0s8  |   U   |
[    8.993951] cloud-init[711]: ci-info: |   6   |   ff00::/8  |    ::   |   enp0s8  |   U   |
[    8.995324] cloud-init[711]: ci-info: |   7   |   ff00::/8  |    ::   |   enp0s3  |   U   |
[    9.004730] cloud-init[711]: ci-info: +-------+-------------+---------+-----------+-------+
[[0;32m  OK  [0m] Started Initial cloud-init job (metadata service crawler).
[[0;32m  OK  [0m] Reached target System Initialization.
         Starting LXD - unix socket.
[[0;32m  OK  [0m] Started Discard unused blocks once a week.
[[0;32m  OK  [0m] Listening on Open-iSCSI iscsid Socket.
         Starting Socket activation for snappy daemon.
[[0;32m  OK  [0m] Started Daily Cleanup of Temporary Directories.
[[0;32m  OK  [0m] Started Daily apt download activities.
[[0;32m  OK  [0m] Listening on UUID daemon activation socket.
[[0;32m  OK  [0m] Listening on D-Bus System Message Bus Socket.
[[0;32m  OK  [0m] Started Daily apt upgrade and clean activities.
[[0;32m  OK  [0m] Started Message of the Day.
[[0;32m  OK  [0m] Reached target Timers.
[[0;32m  OK  [0m] Listening on ACPID Listen Socket.
[[0;32m  OK  [0m] Started ACPI Events Check.
[[0;32m  OK  [0m] Reached target Paths.
[[0;32m  OK  [0m] Reached target Network is Online.
         Starting Availability of block devices...
[[0;32m  OK  [0m] Reached target Remote File Systems (Pre).
[[0;32m  OK  [0m] Reached target Remote File Systems.
[[0;32m  OK  [0m] Reached target Cloud-config availability.
[[0;32m  OK  [0m] Listening on LXD - unix socket.
[[0;32m  OK  [0m] Listening on Socket activation for snappy daemon.
[[0;32m  OK  [0m] Started Availability of block devices.
[[0;32m  OK  [0m] Reached target Sockets.
[[0;32m  OK  [0m] Reached target Basic System.
         Starting Dispatcher daemon for systemd-networkd...
         Starting Permit User Sessions...
         Starting LSB: Record successful boot for GRUB...
         Starting LSB: automatic crash report generation...
[[0;32m  OK  [0m] Started Deferred execution scheduler.
         Starting System Logging Service...
[[0;32m  OK  [0m] Started D-Bus System Message Bus.
         Starting Snappy daemon...
         Starting Accounts Service...
         Starting LXD - container startup/shutdown...
[[0;32m  OK  [0m] Started FUSE filesystem for LXC.
         Starting Login Service...
         Starting vboxadd.service...
[[0;32m  OK  [0m] Started irqbalance daemon.
         Starting OpenBSD Secure Shell server...
[[0;32m  OK  [0m] Started Regular background program processing daemon.
         Starting Message of the Day...
[[0;32m  OK  [0m] Started System Logging Service.
[[0;32m  OK  [0m] Started Permit User Sessions.
[[0;32m  OK  [0m] Started LXD - container startup/shutdown.
[[0;32m  OK  [0m] Started Login Service.
         Starting Authorization Manager...
[[0;32m  OK  [0m] Started Unattended Upgrades Shutdown.
         Starting Hold until boot process finishes up...
         Starting Terminate Plymouth Boot Screen...
[[0;32m  OK  [0m] Started Hold until boot process finishes up.
[[0;32m  OK  [0m] Started Terminate Plymouth Boot Screen.
         Starting Set console scheme...
[[0;32m  OK  [0m] Started Serial Getty on ttyS0.
[[0;32m  OK  [0m] Started Authorization Manager.
[[0;32m  OK  [0m] Started Accounts Service.
[[0;32m  OK  [0m] Started Set console scheme.
[[0;32m  OK  [0m] Created slice system-getty.slice.
[[0;32m  OK  [0m] Started Getty on tty1.
[[0;32m  OK  [0m] Reached target Login Prompts.
[[0;32m  OK  [0m] Started OpenBSD Secure Shell server.
[[0;32m  OK  [0m] Started LSB: Record successful boot for GRUB.
[[0;32m  OK  [0m] Started LSB: automatic crash report generation.
[[0;32m  OK  [0m] Started Dispatcher daemon for systemd-networkd.
[[0;32m  OK  [0m] Started Snappy daemon.
         Starting Wait until snapd is fully seeded...
[[0;32m  OK  [0m] Started Wait until snapd is fully seeded.
         Starting Apply the settings specified in cloud-config...
[   11.010973] cloud-init[1130]: Cloud-init v. 19.2-36-g059d049c-0ubuntu2~18.04.1 running 'modules:config' at Wed, 27 Nov 2019 05:33:16 +0000. Up 10.92 seconds.
[[0;32m  OK  [0m] Started vboxadd.service.
         Starting vboxadd-service.service...
[[0;32m  OK  [0m] Started Apply the settings specified in cloud-config.
[[0;32m  OK  [0m] Started vboxadd-service.service.
[[0;32m  OK  [0m] Reached target Multi-User System.
         Starting Execute cloud user/final scripts...
[[0;32m  OK  [0m] Reached target Graphical Interface.
         Starting Update UTMP about System Runlevel Changes...
[[0;32m  OK  [0m] Started Update UTMP about System Runlevel Changes.
[   11.483582] cloud-init[1262]: Cloud-init v. 19.2-36-g059d049c-0ubuntu2~18.04.1 running 'modules:final' at Wed, 27 Nov 2019 05:33:17 +0000. Up 11.38 seconds.
[   11.504465] cloud-init[1262]: Cloud-init v. 19.2-36-g059d049c-0ubuntu2~18.04.1 finished at Wed, 27 Nov 2019 05:33:17 +0000. Datasource DataSourceNoCloud [seed=/dev/sdb][dsmode=net].  Up 11.47 seconds
[[0;32m  OK  [0m] Started Execute cloud user/final scripts.
[[0;32m  OK  [0m] Reached target Cloud-init target.
[[0;32m  OK  [0m] Created slice User Slice of vagrant.
         Starting User Manager for UID 1000...
[[0;32m  OK  [0m] Started Session 1 of user vagrant.
[[0;32m  OK  [0m] Started User Manager for UID 1000.
[[0;32m  OK  [0m] Started Message of the Day.

Ubuntu 18.04.3 LTS ubuntu-bionic ttyS0

ubuntu-bionic login:          Stopping Session 7 of user vagrant.
[[0;32m  OK  [0m] Closed Load/Save RF Kill Switch Status /dev/rfkill Watch.
         Stopping Availability of block devices...
         Stopping User Manager for UID 1000...
[[0;32m  OK  [0m] Stopped target Host and Network Name Lookups.
         Stopping Authorization Manager...
[[0;32m  OK  [0m] Stopped target Timers.
[[0;32m  OK  [0m] Stopped Discard unused blocks once a week.
[[0;32m  OK  [0m] Stopped Daily Cleanup of Temporary Directories.
[[0;32m  OK  [0m] Stopped Daily apt upgrade and clean activities.
[[0;32m  OK  [0m] Stopped Daily apt download activities.
[[0;32m  OK  [0m] Stopped Message of the Day.
[[0;32m  OK  [0m] Stopped target System Time Synchronized.
[[0;32m  OK  [0m] Stopped target Graphical Interface.
         Stopping Accounts Service...
[[0;32m  OK  [0m] Stopped target Cloud-init target.
[[0;32m  OK  [0m] Stopped Execute cloud user/final scripts.
[[0;32m  OK  [0m] Stopped target Multi-User System.
         Stopping Regular background program processing daemon...
         Stopping irqbalance daemon...
         Stopping OpenBSD Secure Shell server...
[[0;32m  OK  [0m] Stopped target Login Prompts.
         Stopping Getty on tty1...
         Stopping Serial Getty on ttyS0...
         Stopping LSB: Record successful boot for GRUB...
         Stopping System Logging Service...
         Stopping LSB: automatic crash report generation...
         Stopping D-Bus System Message Bus...
         Stopping Deferred execution scheduler...
         Stopping Unattended Upgrades Shutdown...
         Stopping Dispatcher daemon for systemd-networkd...
         Stopping vboxadd-service.service...
[[0;32m  OK  [0m] Stopped Apply the settings specified in cloud-config.
[[0;32m  OK  [0m] Stopped target Network is Online.
[[0;32m  OK  [0m] Stopped target Cloud-config availability.
[[0;32m  OK  [0m] Stopped Wait until snapd is fully seeded.
         Stopping FUSE filesystem for LXC...
         Stopping LXD - container startup/shutdown...
[[0;32m  OK  [0m] Unmounted /var/lib/lxcfs.
[[0;32m  OK  [0m] Stopped Dispatcher daemon for systemd-networkd.
[[0;32m  OK  [0m] Stopped Deferred execution scheduler.
[[0;32m  OK  [0m] Stopped System Logging Service.
[[0;32m  OK  [0m] Stopped Accounts Service.
[[0;32m  OK  [0m] Stopped irqbalance daemon.
[[0;32m  OK  [0m] Stopped Regular background program processing daemon.
[[0;32m  OK  [0m] Stopped Authorization Manager.
[[0;32m  OK  [0m] Stopped Unattended Upgrades Shutdown.
[[0;32m  OK  [0m] Stopped Serial Getty on ttyS0.
[[0;32m  OK  [0m] Stopped Getty on tty1.
[[0;32m  OK  [0m] Stopped OpenBSD Secure Shell server.
[[0;32m  OK  [0m] Stopped User Manager for UID 1000.
[[0;32m  OK  [0m] Stopped Availability of block devices.
[[0;32m  OK  [0m] Stopped D-Bus System Message Bus.
[[0;32m  OK  [0m] Stopped vboxadd-service.service.
[[0;32m  OK  [0m] Stopped FUSE filesystem for LXC.
[[0;32m  OK  [0m] Stopped Session 7 of user vagrant.
         Stopping vboxadd.service...
[[0;32m  OK  [0m] Removed slice User Slice of vagrant.
[[0;32m  OK  [0m] Removed slice system-getty.slice.
         Stopping Permit User Sessions...
[[0;32m  OK  [0m] Removed slice system-serial\x2dgetty.slice.
         Stopping Login Service...
[[0;32m  OK  [0m] Unmounted /vagrant.
[[0;32m  OK  [0m] Stopped LSB: Record successful boot for GRUB.
[[0;32m  OK  [0m] Stopped LSB: automatic crash report generation.
[[0;32m  OK  [0m] Stopped LXD - container startup/shutdown.
[[0;32m  OK  [0m] Stopped vboxadd.service.
[[0;32m  OK  [0m] Stopped Login Service.
[[0;32m  OK  [0m] Stopped Permit User Sessions.
[[0;32m  OK  [0m] Stopped target Network.
         Stopping Network Name Resolution...
[[0;32m  OK  [0m] Stopped target User and Group Name Lookups.
[[0;32m  OK  [0m] Stopped target Remote File Systems.
[[0;32m  OK  [0m] Stopped target Remote File Systems (Pre).
[[0;32m  OK  [0m] Stopped target Basic System.
[[0;32m  OK  [0m] Stopped target Paths.
[[0;32m  OK  [0m] Stopped ACPI Events Check.
[[0;32m  OK  [0m] Stopped target Sockets.
[[0;32m  OK  [0m] Closed Syslog Socket.
[[0;32m  OK  [0m] Closed LXD - unix socket.
[[0;32m  OK  [0m] Closed D-Bus System Message Bus Socket.
[[0;32m  OK  [0m] Closed Socket activation for snappy daemon.
[[0;32m  OK  [0m] Closed Open-iSCSI iscsid Socket.
[[0;32m  OK  [0m] Closed ACPID Listen Socket.
[[0;32m  OK  [0m] Closed UUID daemon activation socket.
[[0;32m  OK  [0m] Stopped target Slices.
[[0;32m  OK  [0m] Removed slice User and Session Slice.
[[0;32m  OK  [0m] Stopped target System Initialization.
[[0;32m  OK  [0m] Stopped Initial cloud-init job (metadata service crawler).
         Stopping Update UTMP about System Boot/Shutdown...
         Stopping Load/Save Random Seed...
[[0;32m  OK  [0m] Stopped target Local Encrypted Volumes.
[[0;32m  OK  [0m] Stopped Dispatch Password Requests to Console Directory Watch.
[[0;32m  OK  [0m] Stopped Forward Password Requests to Wall Directory Watch.
[[0;32m  OK  [0m] Stopped Network Name Resolution.
[[0;32m  OK  [0m] Stopped Load/Save Random Seed.
         Stopping Network Service...
[[0;32m  OK  [0m] Stopped Update UTMP about System Boot/Shutdown.
[[0;32m  OK  [0m] Stopped Create Volatile Files and Directories.
[[0;32m  OK  [0m] Stopped target Local File Systems.
         Unmounting /run/user/1000...
[[0;32m  OK  [0m] Stopped Network Service.
[[0;32m  OK  [0m] Unmounted /run/user/1000.
[[0;32m  OK  [0m] Reached target Unmount All Filesystems.
[[0;32m  OK  [0m] Stopped target Local File Systems (Pre).
[[0;32m  OK  [0m] Stopped Create Static Device Nodes in /dev.
         Stopping Monitoring of LVM2 mirrors…ng dmeventd or progress polling...
[[0;32m  OK  [0m] Stopped target Swap.
[[0;32m  OK  [0m] Stopped target Network (Pre).
[[0;32m  OK  [0m] Stopped Initial cloud-init job (pre-networking).
[[0;32m  OK  [0m] Stopped Remount Root and Kernel File Systems.
[[0;32m  OK  [0m] Stopped Apply Kernel Variables.
[[0;32m  OK  [0m] Stopped Load Kernel Modules.
[[0;32m  OK  [0m] Reached target Shutdown.
[[0;32m  OK  [0m] Reached target Final Step.
         Starting Power-Off...
[[0;32m  OK  [0m] Stopped Monitoring of LVM2 mirrors,…sing dmeventd or progress polling.
         Stopping LVM2 metadata daemon...
[[0;32m  OK  [0m] Stopped LVM2 metadata daemon.
[ 5581.947655] reboot: Power down
